2026-05-02 19:58:57 [docentes_listar] SQLSTATE[42S22]: Column not found: 1054 Unknown column 'd.observacion' in 'field list' en C:\Users\USER\Desktop\MESAS_EXAMEN_ENA\backend\modules\docentes\docentes_controller.php:194
2026-05-02 19:58:57 [docentes_listar] SQLSTATE[42S22]: Column not found: 1054 Unknown column 'd.observacion' in 'field list' en C:\Users\USER\Desktop\MESAS_EXAMEN_ENA\backend\modules\docentes\docentes_controller.php:194
2026-05-02 19:58:59 [docentes_listar] SQLSTATE[42S22]: Column not found: 1054 Unknown column 'd.observacion' in 'field list' en C:\Users\USER\Desktop\MESAS_EXAMEN_ENA\backend\modules\docentes\docentes_controller.php:194
2026-05-02 19:58:59 [docentes_listar] SQLSTATE[42S22]: Column not found: 1054 Unknown column 'd.observacion' in 'field list' en C:\Users\USER\Desktop\MESAS_EXAMEN_ENA\backend\modules\docentes\docentes_controller.php:194
2026-05-02 20:07:20 [docentes_listar] SQLSTATE[HY093]: Invalid parameter number en C:\Users\USER\Desktop\MESAS_EXAMEN_ENA\backend\modules\docentes\docentes_controller.php:318
2026-05-02 20:07:20 [docentes_listar] SQLSTATE[HY093]: Invalid parameter number en C:\Users\USER\Desktop\MESAS_EXAMEN_ENA\backend\modules\docentes\docentes_controller.php:318
2026-05-02 20:07:20 [docentes_listar] SQLSTATE[HY093]: Invalid parameter number en C:\Users\USER\Desktop\MESAS_EXAMEN_ENA\backend\modules\docentes\docentes_controller.php:318
2026-05-02 20:07:20 [docentes_listar] SQLSTATE[HY093]: Invalid parameter number en C:\Users\USER\Desktop\MESAS_EXAMEN_ENA\backend\modules\docentes\docentes_controller.php:318
2026-05-02 20:07:20 [docentes_listar] SQLSTATE[HY093]: Invalid parameter number en C:\Users\USER\Desktop\MESAS_EXAMEN_ENA\backend\modules\docentes\docentes_controller.php:318
2026-05-02 20:07:21 [docentes_listar] SQLSTATE[HY093]: Invalid parameter number en C:\Users\USER\Desktop\MESAS_EXAMEN_ENA\backend\modules\docentes\docentes_controller.php:318
2026-05-02 20:07:21 [docentes_listar] SQLSTATE[HY093]: Invalid parameter number en C:\Users\USER\Desktop\MESAS_EXAMEN_ENA\backend\modules\docentes\docentes_controller.php:318
2026-05-02 20:07:21 [docentes_listar] SQLSTATE[HY093]: Invalid parameter number en C:\Users\USER\Desktop\MESAS_EXAMEN_ENA\backend\modules\docentes\docentes_controller.php:318
2026-05-02 20:07:23 [docentes_listar] SQLSTATE[HY093]: Invalid parameter number en C:\Users\USER\Desktop\MESAS_EXAMEN_ENA\backend\modules\docentes\docentes_controller.php:318
2026-05-02 20:07:23 [docentes_listar] SQLSTATE[HY093]: Invalid parameter number en C:\Users\USER\Desktop\MESAS_EXAMEN_ENA\backend\modules\docentes\docentes_controller.php:318
2026-05-02 20:07:23 [docentes_listar] SQLSTATE[HY093]: Invalid parameter number en C:\Users\USER\Desktop\MESAS_EXAMEN_ENA\backend\modules\docentes\docentes_controller.php:318
2026-05-02 20:07:23 [docentes_listar] SQLSTATE[HY093]: Invalid parameter number en C:\Users\USER\Desktop\MESAS_EXAMEN_ENA\backend\modules\docentes\docentes_controller.php:318
2026-05-03 09:09:06 [login_inicio] SQLSTATE[HY000] [1045] Access denied for user 'root'@'localhost' (using password: YES) en C:\Users\USER\Desktop\MESAS_EXAMEN_ENA\backend\config\db.php:22
2026-05-03 09:09:08 [login_inicio] SQLSTATE[HY000] [1045] Access denied for user 'root'@'localhost' (using password: YES) en C:\Users\USER\Desktop\MESAS_EXAMEN_ENA\backend\config\db.php:22
2026-05-03 09:09:29 [login_inicio] SQLSTATE[HY000] [1045] Access denied for user 'root'@'localhost' (using password: YES) en C:\Users\USER\Desktop\MESAS_EXAMEN_ENA\backend\config\db.php:22
2026-05-03 09:09:30 [login_inicio] SQLSTATE[HY000] [1045] Access denied for user 'root'@'localhost' (using password: YES) en C:\Users\USER\Desktop\MESAS_EXAMEN_ENA\backend\config\db.php:22
2026-05-03 09:09:31 [login_inicio] SQLSTATE[HY000] [1045] Access denied for user 'root'@'localhost' (using password: YES) en C:\Users\USER\Desktop\MESAS_EXAMEN_ENA\backend\config\db.php:22
2026-05-03 09:46:18 [previas_catalogos] SQLSTATE[HY000]: General error: 3065 Expression #1 of ORDER BY clause is not in SELECT list, references column 'mesas_examen_ena.cu.id_curso' which is not in SELECT list; this is incompatible with DISTINCT en C:\Users\USER\Desktop\MESAS_EXAMEN_ENA\backend\modules\previas\previas_controller.php:159
2026-05-03 09:46:18 [previas_catalogos] SQLSTATE[HY000]: General error: 3065 Expression #1 of ORDER BY clause is not in SELECT list, references column 'mesas_examen_ena.cu.id_curso' which is not in SELECT list; this is incompatible with DISTINCT en C:\Users\USER\Desktop\MESAS_EXAMEN_ENA\backend\modules\previas\previas_controller.php:159
2026-05-03 09:53:54 [previas_catalogos] SQLSTATE[HY000]: General error: 3065 Expression #1 of ORDER BY clause is not in SELECT list, references column 'mesas_examen_ena.cu.id_curso' which is not in SELECT list; this is incompatible with DISTINCT en C:\Users\USER\Desktop\MESAS_EXAMEN_ENA\backend\modules\previas\previas_controller.php:159
2026-05-03 09:53:54 [previas_catalogos] SQLSTATE[HY000]: General error: 3065 Expression #1 of ORDER BY clause is not in SELECT list, references column 'mesas_examen_ena.cu.id_curso' which is not in SELECT list; this is incompatible with DISTINCT en C:\Users\USER\Desktop\MESAS_EXAMEN_ENA\backend\modules\previas\previas_controller.php:159
2026-05-03 09:54:04 [previas_catalogos] SQLSTATE[HY000]: General error: 3065 Expression #1 of ORDER BY clause is not in SELECT list, references column 'mesas_examen_ena.cu.id_curso' which is not in SELECT list; this is incompatible with DISTINCT en C:\Users\USER\Desktop\MESAS_EXAMEN_ENA\backend\modules\previas\previas_controller.php:159
2026-05-03 09:54:04 [previas_catalogos] SQLSTATE[HY000]: General error: 3065 Expression #1 of ORDER BY clause is not in SELECT list, references column 'mesas_examen_ena.cu.id_curso' which is not in SELECT list; this is incompatible with DISTINCT en C:\Users\USER\Desktop\MESAS_EXAMEN_ENA\backend\modules\previas\previas_controller.php:159
2026-05-03 10:08:52 [previas_catalogos] SQLSTATE[HY000]: General error: 3065 Expression #1 of ORDER BY clause is not in SELECT list, references column 'mesas_examen_ena.cu.id_curso' which is not in SELECT list; this is incompatible with DISTINCT en C:\Users\USER\Desktop\MESAS_EXAMEN_ENA\backend\modules\previas\previas_controller.php:159
2026-05-03 10:08:53 [global_obtener_listas] SQLSTATE[42S02]: Base table or view not found: 1146 Table 'mesas_examen_ena.especialidad' doesn't exist en C:\Users\USER\Desktop\MESAS_EXAMEN_ENA\backend\modules\global\obtener_listas.php:13
2026-05-03 10:08:53 [previas_catalogos] SQLSTATE[HY000]: General error: 3065 Expression #1 of ORDER BY clause is not in SELECT list, references column 'mesas_examen_ena.cu.id_curso' which is not in SELECT list; this is incompatible with DISTINCT en C:\Users\USER\Desktop\MESAS_EXAMEN_ENA\backend\modules\previas\previas_controller.php:159
2026-05-03 10:08:53 [global_obtener_listas] SQLSTATE[42S02]: Base table or view not found: 1146 Table 'mesas_examen_ena.especialidad' doesn't exist en C:\Users\USER\Desktop\MESAS_EXAMEN_ENA\backend\modules\global\obtener_listas.php:13
2026-05-03 10:17:25 [previas_catalogos] SQLSTATE[HY000]: General error: 3065 Expression #1 of ORDER BY clause is not in SELECT list, references column 'mesas_examen_ena.cu.id_curso' which is not in SELECT list; this is incompatible with DISTINCT en C:\Users\USER\Desktop\MESAS_EXAMEN_ENA\backend\modules\previas\previas_controller.php:159
2026-05-03 10:17:25 [global_obtener_listas] SQLSTATE[42S02]: Base table or view not found: 1146 Table 'mesas_examen_ena.especialidad' doesn't exist en C:\Users\USER\Desktop\MESAS_EXAMEN_ENA\backend\modules\global\obtener_listas.php:84
2026-05-03 10:17:25 [previas_catalogos] SQLSTATE[HY000]: General error: 3065 Expression #1 of ORDER BY clause is not in SELECT list, references column 'mesas_examen_ena.cu.id_curso' which is not in SELECT list; this is incompatible with DISTINCT en C:\Users\USER\Desktop\MESAS_EXAMEN_ENA\backend\modules\previas\previas_controller.php:159
2026-05-03 10:17:25 [global_obtener_listas] SQLSTATE[42S02]: Base table or view not found: 1146 Table 'mesas_examen_ena.especialidad' doesn't exist en C:\Users\USER\Desktop\MESAS_EXAMEN_ENA\backend\modules\global\obtener_listas.php:84
2026-05-03 10:37:01 [previas_catalogos:catedras] SQLSTATE[HY000]: General error: 3065 Expression #1 of ORDER BY clause is not in SELECT list, references column 'mesas_examen_ena.cu.id_curso' which is not in SELECT list; this is incompatible with DISTINCT en C:\Users\USER\Desktop\MESAS_EXAMEN_ENA\backend\modules\previas\previas_controller.php:222
2026-05-03 10:37:01 [global_obtener_listas:especialidad] SQLSTATE[42S02]: Base table or view not found: 1146 Table 'mesas_examen_ena.especialidad' doesn't exist en C:\Users\USER\Desktop\MESAS_EXAMEN_ENA\backend\modules\global\obtener_listas.php:42
2026-05-03 10:37:01 [previas_catalogos:catedras] SQLSTATE[HY000]: General error: 3065 Expression #1 of ORDER BY clause is not in SELECT list, references column 'mesas_examen_ena.cu.id_curso' which is not in SELECT list; this is incompatible with DISTINCT en C:\Users\USER\Desktop\MESAS_EXAMEN_ENA\backend\modules\previas\previas_controller.php:222
2026-05-03 10:37:01 [global_obtener_listas:especialidad] SQLSTATE[42S02]: Base table or view not found: 1146 Table 'mesas_examen_ena.especialidad' doesn't exist en C:\Users\USER\Desktop\MESAS_EXAMEN_ENA\backend\modules\global\obtener_listas.php:42
